<?xml version="1.0" encoding="UTF-8"?>
<testng-results ignored="0" total="3" passed="3" failed="0" skipped="0">
  <reporter-output>
    <line>
      <![CDATA[Hii maven]]>
    </line>
    <line>
      <![CDATA[Hii github]]>
    </line>
    <line>
      <![CDATA[Hii jenkis]]>
    </line>
  </reporter-output>
  <suite started-at="2025-12-03T12:32:52 IST" name="Suite" finished-at="2025-12-03T12:32:52 IST" duration-ms="102">
    <groups>
    </groups>
    <test started-at="2025-12-03T12:32:52 IST" name="Test" finished-at="2025-12-03T12:32:52 IST" duration-ms="102">
      <class name="maven.mavenTest">
        <test-method signature="mavenTes()[pri:0, instance:maven.mavenTest@23c30a20]" started-at="2025-12-03T12:32:52 IST" name="mavenTes" finished-at="2025-12-03T12:32:52 IST" duration-ms="9" status="PASS">
          <reporter-output>
            <line>
              <![CDATA[Hii maven]]>
            </line>
          </reporter-output>
        </test-method> <!-- mavenTes -->
      </class> <!-- maven.mavenTest -->
      <class name="Github.githubTest">
        <test-method signature="githubTest()[pri:0, instance:Github.githubTest@26e356f0]" started-at="2025-12-03T12:32:52 IST" name="githubTest" finished-at="2025-12-03T12:32:52 IST" duration-ms="1" status="PASS">
          <reporter-output>
            <line>
              <![CDATA[Hii github]]>
            </line>
          </reporter-output>
        </test-method> <!-- githubTest -->
      </class> <!-- Github.githubTest -->
      <class name="jenkis.jenkisTest">
        <test-method signature="jenkisTest()[pri:0, instance:jenkis.jenkisTest@47d9a273]" started-at="2025-12-03T12:32:52 IST" name="jenkisTest" finished-at="2025-12-03T12:32:52 IST" duration-ms="10" status="PASS">
          <reporter-output>
            <line>
              <![CDATA[Hii jenkis]]>
            </line>
          </reporter-output>
        </test-method> <!-- jenkisTest -->
      </class> <!-- jenkis.jenkisTest -->
    </test> <!-- Test -->
  </suite> <!-- Suite -->
</testng-results>
