<?xml version="1.0" encoding="UTF-8"?>
<!-- Generated by org.testng.reporters.JUnitReportReporter -->
<testsuite hostname="shree" failures="0" tests="1" name="Github.githubTest" time="0.001" errors="0" timestamp="2025-12-03T12:32:52 IST" skipped="0">
  <testcase classname="Github.githubTest" name="githubTest" time="0.001">
    <system-out>
      <![CDATA[Hii github]]>
    </system-out>
  </testcase> <!-- githubTest -->
  <system-out>
    <![CDATA[Hii maven
Hii github
Hii jenkis]]>
  </system-out>
</testsuite> <!-- Github.githubTest -->
