<?xml version="1.0" encoding="UTF-8"?>
<!-- Generated by org.testng.reporters.JUnitReportReporter -->
<testsuite hostname="shree" failures="0" tests="1" name="jenkis.jenkisTest" time="0.010" errors="0" timestamp="2025-12-03T12:32:52 IST" skipped="0">
  <testcase classname="jenkis.jenkisTest" name="jenkisTest" time="0.010">
    <system-out>
      <![CDATA[Hii jenkis]]>
    </system-out>
  </testcase> <!-- jenkisTest -->
  <system-out>
    <![CDATA[Hii maven
Hii github
Hii jenkis]]>
  </system-out>
</testsuite> <!-- jenkis.jenkisTest -->
