<?xml version="1.0" encoding="UTF-8"?>
<!-- Generated by org.testng.reporters.JUnitReportReporter -->
<testsuite hostname="shree" failures="0" tests="1" name="maven.mavenTest" time="0.009" errors="0" timestamp="2025-12-03T12:32:52 IST" skipped="0">
  <testcase classname="maven.mavenTest" name="mavenTes" time="0.009">
    <system-out>
      <![CDATA[Hii maven]]>
    </system-out>
  </testcase> <!-- mavenTes -->
  <system-out>
    <![CDATA[Hii maven
Hii github
Hii jenkis]]>
  </system-out>
</testsuite> <!-- maven.mavenTest -->
